Running on http://127.0.0.1:8080/
Debugger PIN: 493-182-927
Running on http://127.0.0.1:8080/
Debugger PIN: 666-771-034
Running on http://127.0.0.1:8080/
Debugger PIN: 846-347-127
Running on http://127.0.0.1:8080/
Debugger PIN: 634-056-236
Running on http://127.0.0.1:8080/
Debugger PIN: 348-925-319
Running on http://127.0.0.1:8080/
Debugger PIN: 605-256-812
Running on http://127.0.0.1:8080/
Debugger PIN: 343-330-352
Running on http://127.0.0.1:8080/
Debugger PIN: 189-759-755
Running on http://127.0.0.1:8080/
Debugger PIN: 903-293-168
Running on http://127.0.0.1:8080/
Debugger PIN: 180-767-625
Running on http://127.0.0.1:8080/
Debugger PIN: 860-612-849
Running on http://127.0.0.1:8080/
Debugger PIN: 717-558-244
Running on http://127.0.0.1:8080/
Debugger PIN: 449-118-204
Running on http://127.0.0.1:8080/
Debugger PIN: 916-062-339
Running on http://127.0.0.1:8080/
Debugger PIN: 999-802-089
Running on http://127.0.0.1:8080/
Debugger PIN: 379-604-005
Running on http://127.0.0.1:8080/
Debugger PIN: 134-737-277
Running on http://127.0.0.1:8080/
Debugger PIN: 221-620-538
Running on http://127.0.0.1:8080/
Debugger PIN: 184-825-534
Running on http://127.0.0.1:8080/
Debugger PIN: 549-206-384
Running on http://127.0.0.1:8080/
Debugger PIN: 953-372-936
Running on http://127.0.0.1:8080/
Debugger PIN: 489-835-983
Running on http://127.0.0.1:8080/
Debugger PIN: 736-433-798
Running on http://127.0.0.1:8080/
Debugger PIN: 393-516-993
Running on http://127.0.0.1:8080/
Debugger PIN: 538-614-205
Running on http://127.0.0.1:8080/
Debugger PIN: 026-670-509
Running on http://127.0.0.1:8080/
Debugger PIN: 899-835-761
Running on http://127.0.0.1:8080/
Debugger PIN: 080-327-566
Running on http://127.0.0.1:8080/
Debugger PIN: 024-140-478
Running on http://127.0.0.1:8080/
Debugger PIN: 987-384-258
Running on http://127.0.0.1:8080/
Debugger PIN: 902-540-589
Running on http://127.0.0.1:8080/
Debugger PIN: 348-180-037
Running on http://127.0.0.1:8080/
Debugger PIN: 019-787-913
INFO: Haag, Gary logged in successfully at 29Jan20 09:34:39.
Running on http://127.0.0.1:8080/
Debugger PIN: 656-379-733
Running on http://127.0.0.1:8080/
Debugger PIN: 034-129-612
Running on http://127.0.0.1:8080/
Debugger PIN: 803-746-760
Running on http://127.0.0.1:8080/
Debugger PIN: 895-006-960
Running on http://127.0.0.1:8080/
Debugger PIN: 891-255-921
Running on http://127.0.0.1:8080/
Debugger PIN: 724-261-423
Running on http://127.0.0.1:8080/
Debugger PIN: 860-275-644
Running on http://127.0.0.1:8080/
Debugger PIN: 483-748-229
Running on http://127.0.0.1:8080/
Debugger PIN: 444-403-765
Running on http://127.0.0.1:8080/
Debugger PIN: 602-816-070
Running on http://127.0.0.1:8080/
Debugger PIN: 915-294-763
Running on http://127.0.0.1:8080/
Debugger PIN: 608-874-439
Running on http://127.0.0.1:8080/
Debugger PIN: 471-395-662
Running on http://127.0.0.1:8080/
Debugger PIN: 618-993-573
Running on http://127.0.0.1:8080/
Debugger PIN: 656-497-714
Running on http://127.0.0.1:8080/
Debugger PIN: 402-619-432
Running on http://127.0.0.1:8080/
Debugger PIN: 400-166-952
Running on http://127.0.0.1:8080/
Debugger PIN: 236-847-657
Running on http://127.0.0.1:8080/
Debugger PIN: 025-840-006
Running on http://127.0.0.1:8080/
Debugger PIN: 930-303-734
Running on http://127.0.0.1:8080/
Debugger PIN: 338-727-866
Running on http://127.0.0.1:8080/
Debugger PIN: 059-182-312
Running on http://127.0.0.1:8080/
Debugger PIN: 501-248-241
Running on http://127.0.0.1:8080/
Debugger PIN: 841-647-119
Running on http://127.0.0.1:8080/
Debugger PIN: 745-142-851
Running on http://127.0.0.1:8080/
Debugger PIN: 707-584-609
Running on http://127.0.0.1:8080/
Debugger PIN: 410-584-256
Running on http://127.0.0.1:8080/
Debugger PIN: 240-717-472
INFO: The user Haag, Gary updated the employee record for Scott Adair with the following information , programs:  >> ['Viking Quest']
INFO: The user Haag, Gary updated the employee record for Scott Adair with the following information , programs:  >> ['Viking Quest']
Running on http://127.0.0.1:8080/
Debugger PIN: 822-654-399
Running on http://127.0.0.1:8080/
Debugger PIN: 149-176-980
Running on http://127.0.0.1:8080/
Debugger PIN: 466-139-809
Running on http://127.0.0.1:8080/
Debugger PIN: 616-653-051
Running on http://127.0.0.1:8080/
Debugger PIN: 769-098-824
Running on http://127.0.0.1:8080/
Debugger PIN: 762-775-655
Running on http://127.0.0.1:8080/
Debugger PIN: 443-965-037
INFO: The user Haag, Gary updated the employee record for Christopher Snider with the following information , programs:  >> ['Viking Quest']
INFO: The user Haag, Gary updated the employee record for Christopher Snider with the following information , programs:  >> ['Viking Quest']
Running on http://127.0.0.1:8080/
Debugger PIN: 460-770-671
INFO: The user Haag, Gary updated the employee record for Christopher Snider with the following information , programs: Viking Quest >> []
INFO: The user Haag, Gary updated the employee record for Christopher Snider with the following information , programs:  >> ['Viking Quest']
Running on http://127.0.0.1:8080/
Debugger PIN: 866-193-251
Running on http://127.0.0.1:8080/
Debugger PIN: 347-665-624
Running on http://127.0.0.1:8080/
Debugger PIN: 412-442-633
Running on http://127.0.0.1:8080/
Debugger PIN: 327-876-793
Running on http://127.0.0.1:8080/
Debugger PIN: 416-221-200
Running on http://127.0.0.1:8080/
Debugger PIN: 841-824-283
Running on http://127.0.0.1:8080/
Debugger PIN: 049-990-155
Running on http://127.0.0.1:8080/
Debugger PIN: 092-935-320
Running on http://127.0.0.1:8080/
Debugger PIN: 670-221-686
Running on http://127.0.0.1:8080/
Debugger PIN: 842-104-529
Running on http://127.0.0.1:8080/
Debugger PIN: 047-778-603
Running on http://127.0.0.1:8080/
Debugger PIN: 451-372-071
Running on http://127.0.0.1:8080/
Debugger PIN: 587-615-979
Running on http://127.0.0.1:8080/
Debugger PIN: 635-963-043
Running on http://127.0.0.1:8080/
Debugger PIN: 499-706-611
Running on http://127.0.0.1:8080/
Debugger PIN: 376-347-153
Running on http://127.0.0.1:8080/
Debugger PIN: 176-516-963
Running on http://127.0.0.1:8080/
Debugger PIN: 748-820-773
Running on http://127.0.0.1:8080/
Debugger PIN: 580-406-193
Running on http://127.0.0.1:8080/
Debugger PIN: 579-515-070
Running on http://127.0.0.1:8080/
Debugger PIN: 473-747-953
Running on http://127.0.0.1:8080/
Debugger PIN: 725-426-251
Running on http://127.0.0.1:8080/
Debugger PIN: 008-620-841
Running on http://127.0.0.1:8080/
Debugger PIN: 837-979-467
INFO: The user Haag, Gary updated the employee record for Jason Kramer with the following information , function: Systems Analyst >> 43, programs:  >> [3]
Running on http://127.0.0.1:8080/
Debugger PIN: 570-751-719
INFO: The user Haag, Gary updated the employee record for Andrew Moyers with the following information , function: Quality Assurance >> 35, programs:  >> [3]
INFO: The user Haag, Gary updated the employee record for Bradford Pressley with the following information , function: Program Manager >> 34, programs:  >> [3]
INFO: The user Haag, Gary updated the employee record for Zachary Melvin with the following information , function: Quality Assurance >> 35, programs:  >> [3]
INFO: The user Haag, Gary updated the employee record for Kelly Conrad with the following information , function: Systems Analyst >> 43, programs:  >> [3]
INFO: The user Haag, Gary updated the employee record for Laura Dunlap with the following information , function: Scrum Master >> 37, programs:  >> [3]
INFO: The user Haag, Gary updated the employee record for Clayton Taylor with the following information , function: Software Development Engineer in Test  >> 39, programs:  >> [3]
INFO: The user Haag, Gary updated the employee record for Morgan Smothers with the following information , function: Documentation >> 26, programs:  >> [3]
INFO: The user Haag, Gary updated the employee record for Hannah Gamble with the following information , function: Documentation >> 26, programs:  >> [1]
INFO: The user Haag, Gary updated the employee record for Karen Creighton with the following information , function: Software Engineer >> 12, programs:  >> [1]
INFO: The user Haag, Gary updated the employee record for Andrew Jarek with the following information , function: Systems Analyst >> 43, programs:  >> [1]
INFO: The user Haag, Gary updated the employee record for Laura Dunlap with the following information , function: Scrum Master >> 37, programs: Viking Quest >> [3, 1]
INFO: The user Haag, Gary updated the employee record for Laura Dunlap with the following information , function: Scrum Master >> 37, programs: Viking Quest >> [3, 1]
INFO: The user Haag, Gary updated the employee record for Laura Dunlap with the following information , function: Scrum Master >> 37, programs: Viking Quest >> [3, 1]
INFO: The user Haag, Gary updated the employee record for Laura Dunlap with the following information , function: Scrum Master >> 37, programs: Viking Quest >> [3, 1]
INFO: The user Haag, Gary updated the employee record for Laura Dunlap with the following information , function: Scrum Master >> 37, programs: Viking Quest >> [3, 1]
INFO: The user Haag, Gary updated the employee record for Laura Dunlap with the following information , function: Scrum Master >> 37, programs: Viking Quest >> [3, 1]
INFO: The user Haag, Gary updated the employee record for Laura Dunlap with the following information , function: Scrum Master >> 37, programs: Viking Quest >> [3, 1]
INFO: The user Haag, Gary updated the employee record for Laura Dunlap with the following information , function: Scrum Master >> 37, programs: Viking Quest >> [3, 1]
INFO: The user Haag, Gary updated the employee record for Laura Dunlap with the following information , function: Scrum Master >> 37, programs: Viking Quest >> [3, 1]
Running on http://127.0.0.1:8080/
Debugger PIN: 775-240-918
INFO: The user Haag, Gary updated the employee record for Laura Dunlap with the following information , function: Scrum Master >> 37, programs:  >> [1, 3]
Running on http://127.0.0.1:8080/
Debugger PIN: 849-188-330
INFO: The user Haag, Gary updated the employee record for Laura Dunlap with the following information , function: Scrum Master >> 37, programs:  >> [1, 3]
Running on http://127.0.0.1:8080/
Debugger PIN: 133-338-981
Running on http://127.0.0.1:8080/
Debugger PIN: 535-246-094
Running on http://127.0.0.1:8080/
Debugger PIN: 503-719-948
Running on http://127.0.0.1:8080/
Debugger PIN: 475-694-830
Running on http://127.0.0.1:8080/
Debugger PIN: 601-365-671
INFO: The user Haag, Gary updated the employee record for Laura Dunlap with the following information , function: Scrum Master >> 37, programs: SENTRY >> [1, 3]
Running on http://127.0.0.1:8080/
Debugger PIN: 460-858-101
Running on http://127.0.0.1:8080/
Debugger PIN: 079-108-402
Running on http://127.0.0.1:8080/
Debugger PIN: 405-742-641
INFO: The user Haag, Gary updated the employee record for Laura Dunlap with the following information , function: Scrum Master >> 37, programs: SENTRY >> [1, 3]
Running on http://127.0.0.1:8080/
Debugger PIN: 231-202-698
Running on http://127.0.0.1:8080/
Debugger PIN: 548-739-513
Running on http://127.0.0.1:8080/
Debugger PIN: 852-544-738
Running on http://127.0.0.1:8080/
Debugger PIN: 969-099-132
INFO: The user Haag, Gary updated the employee record for Billie Solivan with the following information , function: Software Engineer >> 12, programs:  >> [1]
INFO: The user Haag, Gary updated the employee record for Seth Strong with the following information , function: Software Engineer >> 12, programs:  >> [1]
INFO: The user Haag, Gary updated the employee record for Jeffery Summers with the following information , function: Software Engineer >> 12, programs:  >> [1]
INFO: The user Haag, Gary updated the employee record for Nathan Stacey with the following information , function: Quality Assurance >> 35, programs:  >> [1]
INFO: The user Haag, Gary updated the employee record for William Hardin with the following information , function: Quality Assurance >> 35, programs:  >> [1]
INFO: The user Haag, Gary updated the employee record for Michael Scott with the following information , function: Quality Assurance >> 35, programs:  >> [1]
INFO: The user Haag, Gary updated the employee record for James Hunnicutt with the following information , function: Scrum Master >> 37, programs:  >> [1]
INFO: The user Haag, Gary updated the employee record for Laura Dunlap with the following information , function: Scrum Master >> 37, programs: SENTRY >> [3]
INFO: The user Haag, Gary updated the employee record for John Rhodes with the following information , function: Program Manager >> 34, programs: SENTRY >> [1]
Running on http://127.0.0.1:8080/
Debugger PIN: 451-605-686
Running on http://127.0.0.1:8080/
Debugger PIN: 057-209-323
Running on http://127.0.0.1:8080/
Debugger PIN: 709-850-575
Running on http://127.0.0.1:8080/
Debugger PIN: 491-975-666
Running on http://127.0.0.1:8080/
Debugger PIN: 934-548-080
Running on http://127.0.0.1:8080/
Debugger PIN: 573-312-194
Running on http://127.0.0.1:8080/
Debugger PIN: 746-326-177
Running on http://127.0.0.1:8080/
Debugger PIN: 476-137-702
Running on http://127.0.0.1:8080/
Debugger PIN: 662-658-398
Running on http://127.0.0.1:8080/
Debugger PIN: 475-072-431
Running on http://127.0.0.1:8080/
Debugger PIN: 073-643-502
Running on http://127.0.0.1:8080/
Debugger PIN: 759-582-504
Running on http://127.0.0.1:8080/
Debugger PIN: 516-820-632
Running on http://127.0.0.1:8080/
Debugger PIN: 513-503-941
Running on http://127.0.0.1:8080/
Debugger PIN: 300-048-234
Running on http://127.0.0.1:8080/
Debugger PIN: 962-142-410
Running on http://127.0.0.1:8080/
Debugger PIN: 518-013-332
Running on http://127.0.0.1:8080/
Debugger PIN: 870-144-973
Running on http://127.0.0.1:8080/
Debugger PIN: 943-556-591
Running on http://127.0.0.1:8080/
Debugger PIN: 939-806-915
Running on http://127.0.0.1:8080/
Debugger PIN: 050-030-805
Running on http://127.0.0.1:8080/
Debugger PIN: 318-955-922
Running on http://127.0.0.1:8080/
Debugger PIN: 765-474-677
Running on http://127.0.0.1:8080/
Debugger PIN: 098-103-635
Running on http://127.0.0.1:8080/
Debugger PIN: 745-706-998
Running on http://127.0.0.1:8080/
Debugger PIN: 847-061-412
Running on http://127.0.0.1:8080/
Debugger PIN: 585-837-865
Running on http://127.0.0.1:8080/
Debugger PIN: 494-798-029
Running on http://127.0.0.1:8080/
Debugger PIN: 201-020-837
Running on http://127.0.0.1:8080/
Debugger PIN: 834-869-616
Running on http://127.0.0.1:8080/
Debugger PIN: 201-608-056
Running on http://127.0.0.1:8080/
Debugger PIN: 858-025-244
Running on http://127.0.0.1:8080/
Debugger PIN: 985-288-460
Running on http://127.0.0.1:8080/
Debugger PIN: 665-745-230
Running on http://127.0.0.1:8080/
Debugger PIN: 355-544-141
Running on http://127.0.0.1:8080/
Debugger PIN: 973-213-364
Running on http://127.0.0.1:8080/
Debugger PIN: 916-663-561
Running on http://127.0.0.1:8080/
Debugger PIN: 038-114-022
Running on http://127.0.0.1:8080/
Debugger PIN: 991-513-536
Running on http://127.0.0.1:8080/
Debugger PIN: 019-184-547
Running on http://127.0.0.1:8080/
Debugger PIN: 073-723-125
Running on http://127.0.0.1:8080/
Debugger PIN: 826-699-989
Running on http://127.0.0.1:8080/
Debugger PIN: 959-654-014
Running on http://127.0.0.1:8080/
Debugger PIN: 331-987-199
Running on http://127.0.0.1:8080/
Debugger PIN: 700-619-877
Running on http://127.0.0.1:8080/
Debugger PIN: 811-707-071
Running on http://127.0.0.1:8080/
Debugger PIN: 914-561-637
Running on http://127.0.0.1:8080/
Debugger PIN: 332-561-237
Running on http://127.0.0.1:8080/
Debugger PIN: 249-991-435
Running on http://127.0.0.1:8080/
Debugger PIN: 792-611-102
Running on http://127.0.0.1:8080/
Debugger PIN: 236-006-805
Running on http://127.0.0.1:8080/
Debugger PIN: 095-086-717
Running on http://127.0.0.1:8080/
Debugger PIN: 289-284-165
Running on http://127.0.0.1:8080/
Debugger PIN: 670-764-755
Running on http://127.0.0.1:8080/
Debugger PIN: 924-606-987
Running on http://127.0.0.1:8080/
Debugger PIN: 496-710-542
Running on http://127.0.0.1:8080/
Debugger PIN: 881-396-702
Running on http://127.0.0.1:8080/
Debugger PIN: 266-718-838
Running on http://127.0.0.1:8080/
Debugger PIN: 037-402-987
Running on http://127.0.0.1:8080/
Debugger PIN: 462-405-847
Running on http://127.0.0.1:8080/
Debugger PIN: 106-750-313
Running on http://127.0.0.1:8080/
Debugger PIN: 972-337-638
Running on http://127.0.0.1:8080/
Debugger PIN: 407-738-835
Running on http://127.0.0.1:8080/
Debugger PIN: 773-723-081
Running on http://127.0.0.1:8080/
Debugger PIN: 671-734-404
Running on http://127.0.0.1:8080/
Debugger PIN: 961-792-582
Running on http://127.0.0.1:8080/
Debugger PIN: 125-363-072
Running on http://127.0.0.1:8080/
Debugger PIN: 242-843-560
Running on http://127.0.0.1:8080/
Debugger PIN: 739-480-055
Running on http://127.0.0.1:8080/
Debugger PIN: 407-145-823
Running on http://127.0.0.1:8080/
Debugger PIN: 966-120-613
INFO: Haag, Gary logged in successfully at 10Feb20 10:50:16.
Running on http://127.0.0.1:8080/
Debugger PIN: 571-147-261
Running on http://127.0.0.1:8080/
Debugger PIN: 025-682-032
Running on http://127.0.0.1:8080/
Debugger PIN: 943-883-533
Running on http://127.0.0.1:8080/
Debugger PIN: 710-153-050
Running on http://127.0.0.1:8080/
Debugger PIN: 037-032-174
Running on http://127.0.0.1:8080/
Debugger PIN: 128-409-244
Running on http://127.0.0.1:8080/
Debugger PIN: 949-620-109
Running on http://127.0.0.1:8080/
Debugger PIN: 916-379-154
Running on http://127.0.0.1:8080/
Debugger PIN: 207-552-910
Running on http://127.0.0.1:8080/
Debugger PIN: 234-013-166
Running on http://127.0.0.1:8080/
Debugger PIN: 832-480-191
Running on http://127.0.0.1:8080/
Debugger PIN: 043-835-757
Running on http://127.0.0.1:8080/
Debugger PIN: 019-284-710
Running on http://127.0.0.1:8080/
Debugger PIN: 438-478-345
Running on http://127.0.0.1:8080/
Debugger PIN: 886-453-219
Running on http://127.0.0.1:8080/
Debugger PIN: 437-490-953
Running on http://127.0.0.1:8080/
Debugger PIN: 232-867-811
Running on http://127.0.0.1:8080/
Debugger PIN: 736-986-097
Running on http://127.0.0.1:8080/
Debugger PIN: 388-742-245
Running on http://127.0.0.1:8080/
Debugger PIN: 054-262-253
Running on http://127.0.0.1:8080/
Debugger PIN: 524-070-640
Running on http://127.0.0.1:8080/
Debugger PIN: 342-783-676
Running on http://127.0.0.1:8080/
Debugger PIN: 600-533-079
Running on http://127.0.0.1:8080/
Debugger PIN: 849-227-717
Running on http://127.0.0.1:8080/
Debugger PIN: 857-985-290
Running on http://127.0.0.1:8080/
Debugger PIN: 072-427-348
Running on http://127.0.0.1:8080/
Debugger PIN: 557-987-325
Running on http://127.0.0.1:8080/
Debugger PIN: 265-634-378
Running on http://127.0.0.1:8080/
Debugger PIN: 505-250-316
Running on http://127.0.0.1:8080/
Debugger PIN: 272-304-319
Running on http://127.0.0.1:8080/
Debugger PIN: 358-760-930
Running on http://127.0.0.1:8080/
Debugger PIN: 422-147-253
Running on http://127.0.0.1:8080/
Debugger PIN: 320-487-648
Running on http://127.0.0.1:8080/
Debugger PIN: 247-777-691
Running on http://127.0.0.1:8080/
Debugger PIN: 437-060-536
Running on http://127.0.0.1:8080/
Debugger PIN: 193-083-472
Running on http://127.0.0.1:8080/
Debugger PIN: 996-111-482
Running on http://127.0.0.1:8080/
Debugger PIN: 252-694-281
Running on http://127.0.0.1:8080/
Debugger PIN: 582-872-491
Running on http://127.0.0.1:8080/
Debugger PIN: 227-050-730
Running on http://127.0.0.1:8080/
Debugger PIN: 997-101-273
Running on http://127.0.0.1:8080/
Debugger PIN: 340-580-614
Running on http://127.0.0.1:8080/
Debugger PIN: 875-839-372
Running on http://127.0.0.1:8080/
Debugger PIN: 535-403-612
Running on http://127.0.0.1:8080/
Debugger PIN: 995-451-398
INFO: Haag, Gary logged out successfully at 10Feb20 11:53:05.
INFO: Haag, Gary logged in successfully at 10Feb20 11:53:05.
Running on http://127.0.0.1:8080/
Debugger PIN: 575-080-695
Running on http://127.0.0.1:8080/
Debugger PIN: 113-727-456
Running on http://127.0.0.1:8080/
Debugger PIN: 193-154-224
Running on http://127.0.0.1:8080/
Debugger PIN: 650-052-181
Running on http://127.0.0.1:8080/
Debugger PIN: 242-823-421
Running on http://127.0.0.1:8080/
Debugger PIN: 426-934-427
Running on http://127.0.0.1:8080/
Debugger PIN: 845-978-337
Running on http://127.0.0.1:8080/
Debugger PIN: 768-851-192
Running on http://127.0.0.1:8080/
Debugger PIN: 763-321-918
Running on http://127.0.0.1:8080/
Debugger PIN: 514-967-102
Running on http://127.0.0.1:8080/
Debugger PIN: 751-342-911
Running on http://127.0.0.1:8080/
Debugger PIN: 105-911-325
Running on http://127.0.0.1:8080/
Debugger PIN: 615-745-325
INFO: The user Haag, Gary updated the employee record for Frederick Heldenfels with the following information , function: Documentation >> 45, programs:  >> []
Running on http://127.0.0.1:8080/
Debugger PIN: 973-289-127
Running on http://127.0.0.1:8080/
Debugger PIN: 491-518-308
Running on http://127.0.0.1:8080/
Debugger PIN: 274-674-860
Running on http://127.0.0.1:8080/
Debugger PIN: 710-367-266
Running on http://127.0.0.1:8080/
Debugger PIN: 476-265-473
Running on http://127.0.0.1:8080/
Debugger PIN: 603-366-570
Running on http://127.0.0.1:8080/
Debugger PIN: 894-721-746
Running on http://127.0.0.1:8080/
Debugger PIN: 276-087-676
Running on http://127.0.0.1:8080/
Debugger PIN: 966-165-186
Running on http://127.0.0.1:8080/
Debugger PIN: 398-870-277
Running on http://127.0.0.1:8080/
Debugger PIN: 184-653-011
Running on http://127.0.0.1:8080/
Debugger PIN: 376-746-945
Running on http://127.0.0.1:8080/
Debugger PIN: 212-707-178
Running on http://127.0.0.1:8080/
Debugger PIN: 452-333-472
Running on http://127.0.0.1:8080/
Debugger PIN: 164-770-430
Running on http://127.0.0.1:8080/
Debugger PIN: 658-184-344
INFO: The user Haag, Gary updated the employee record for Scott Adair with the following information , programs: VQ >> VQ, date_end: None >> 2020-02-05
INFO: The user Haag, Gary updated the employee record for Scott Adair with the following information , programs: VQ >> VQ, date_end: 2020-02-05 >> None
Running on http://127.0.0.1:8080/
Debugger PIN: 448-432-362
Running on http://127.0.0.1:8080/
Debugger PIN: 672-032-952
INFO: The user Haag, Gary updated the employee record for Scott Adair with the following information , programs: VQ >> VQ
INFO: The user Haag, Gary updated the employee record for Scott Adair with the following information , programs: VQ >> VQ
INFO: The user Haag, Gary updated the employee record for Scott Adair with the following information , programs: VQ >> VQ
Running on http://127.0.0.1:8080/
Debugger PIN: 685-428-203
Running on http://127.0.0.1:8080/
Debugger PIN: 993-848-073
Running on http://127.0.0.1:8080/
Debugger PIN: 263-835-071
INFO: The user Haag, Gary updated the employee record for Scott Adair with the following information , programs: VQ >> VQ, programs: VQ >> SENTRY
Running on http://127.0.0.1:8080/
Debugger PIN: 364-879-414
INFO: The user Haag, Gary updated the employee record for Scott Adair with the following information, programs: VQ >> VQ ,
Running on http://127.0.0.1:8080/
Debugger PIN: 194-682-693
Running on http://127.0.0.1:8080/
Debugger PIN: 223-747-145
Running on http://127.0.0.1:8080/
Debugger PIN: 461-602-344
INFO: The user Haag, Gary updated the employee record for Scott Adair with the following information, programs: VQ >> VQ
INFO: The user Haag, Gary updated the employee record for Scott Adair with the following information, programs: VQ >> VQ
INFO: The user Haag, Gary updated the employee record for Scott Adair with the following information, programs: VQ >> VQ
Running on http://127.0.0.1:8080/
Debugger PIN: 991-765-264
Running on http://127.0.0.1:8080/
Debugger PIN: 293-156-296
Running on http://127.0.0.1:8080/
Debugger PIN: 732-602-766
INFO: The user Haag, Gary updated the employee record for Scott Adair with the following information, programs: VQ >> VQ, SENTRY
INFO: The user Haag, Gary updated the employee record for Scott Adair with the following information, programs: VQ >> VQ, SENTRY
Running on http://127.0.0.1:8080/
Debugger PIN: 244-233-475
INFO: The user Haag, Gary updated the employee record for Scott Adair with the following information, programs: VQ >> VQ
Running on http://127.0.0.1:8080/
Debugger PIN: 565-769-716
Running on http://127.0.0.1:8080/
Debugger PIN: 059-937-960
Running on http://127.0.0.1:8080/
Debugger PIN: 550-241-037
INFO: The user Haag, Gary updated the employee record for Scott Adair with the following information, programs: VQ >> VQ, SENTRY
Running on http://127.0.0.1:8080/
Debugger PIN: 988-052-400
Running on http://127.0.0.1:8080/
Debugger PIN: 962-474-735
Running on http://127.0.0.1:8080/
Debugger PIN: 968-766-458
Running on http://127.0.0.1:8080/
Debugger PIN: 351-319-033
Running on http://127.0.0.1:8080/
Debugger PIN: 967-069-018
Running on http://127.0.0.1:8080/
Debugger PIN: 797-858-938
Running on http://127.0.0.1:8080/
Debugger PIN: 821-269-942
Running on http://127.0.0.1:8080/
Debugger PIN: 827-544-421
INFO: The user Haag, Gary updated the employee record for Scott Adair with the following information, programs: ['VQ ', 'SENTRY '] >> VQ, SENTRY, August Heat, Basking Shark, BeastX
Running on http://127.0.0.1:8080/
Debugger PIN: 096-956-580
Running on http://127.0.0.1:8080/
Debugger PIN: 120-805-864
Running on http://127.0.0.1:8080/
Debugger PIN: 350-984-750
Running on http://127.0.0.1:8080/
Debugger PIN: 266-346-142
Running on http://127.0.0.1:8080/
Debugger PIN: 785-082-358
Running on http://127.0.0.1:8080/
Debugger PIN: 979-715-418
Running on http://127.0.0.1:8080/
Debugger PIN: 769-111-691
Running on http://127.0.0.1:8080/
Debugger PIN: 353-776-858
Running on http://127.0.0.1:8080/
Debugger PIN: 599-025-355
INFO: The user Haag, Gary updated the employee record for Scott Adair with the following information, programs: VQ, SENTRY, August Heat, Basking Shark, BeastX >> VQ
Running on http://127.0.0.1:8080/
Debugger PIN: 077-660-618
Running on http://127.0.0.1:8080/
Debugger PIN: 846-090-446
Running on http://127.0.0.1:8080/
Debugger PIN: 918-314-754
Running on http://127.0.0.1:8080/
Debugger PIN: 111-860-807
Running on http://127.0.0.1:8080/
Debugger PIN: 386-148-510
Running on http://127.0.0.1:8080/
Debugger PIN: 270-269-722
Running on http://127.0.0.1:8080/
Debugger PIN: 176-663-398
Running on http://127.0.0.1:8080/
Debugger PIN: 641-212-996
Running on http://127.0.0.1:8080/
Debugger PIN: 037-578-339
Running on http://127.0.0.1:8080/
Debugger PIN: 097-059-603
Running on http://127.0.0.1:8080/
Debugger PIN: 829-659-686
Running on http://127.0.0.1:8080/
Debugger PIN: 308-934-664
Running on http://127.0.0.1:8080/
Debugger PIN: 399-308-465
Running on http://127.0.0.1:8080/
Debugger PIN: 490-068-532
Running on http://127.0.0.1:8080/
Debugger PIN: 840-249-017
Running on http://127.0.0.1:8080/
Debugger PIN: 755-322-317
INFO: The user Haag, Gary updated the employee record for Gary Haag with the following information, name_first: Gary >> Gary, name_last: Haag >> Haag, job_code: 0500V2 >> 0500V2, level: 2 >> 2, date_start: 2014-04-01 >> 2014-04-01
Running on http://127.0.0.1:8080/
Debugger PIN: 572-336-974
Running on http://127.0.0.1:8080/
Debugger PIN: 873-728-071
Running on http://127.0.0.1:8080/
Debugger PIN: 891-430-974
Running on http://127.0.0.1:8080/
Debugger PIN: 312-953-364
Running on http://127.0.0.1:8080/
Debugger PIN: 025-477-134
INFO: The user Haag, Gary updated the employee record for Gary Haag with the following information, date_end: None >> 2020-02-01
INFO: The user Haag, Gary updated the employee record for Gary Haag with the following information, date_end: 2020-02-01 >> None
INFO: The user Haag, Gary updated the employee record for Gary Haag with the following information, date_start: 2014-04-01 >> 2014-04-02
INFO: The user Haag, Gary updated the employee record for Gary Haag with the following information, date_start: 2014-04-02 >> 2014-04-01
Running on http://127.0.0.1:8080/
Debugger PIN: 222-399-674
Running on http://127.0.0.1:8080/
Debugger PIN: 639-483-864
INFO: The user Haag, Gary updated the employee record for Gary Haag with the following information
Running on http://127.0.0.1:8080/
Debugger PIN: 343-100-000
Running on http://127.0.0.1:8080/
Debugger PIN: 000-376-103
Running on http://127.0.0.1:8080/
Debugger PIN: 954-026-991
Running on http://127.0.0.1:8080/
Debugger PIN: 904-303-826
Running on http://127.0.0.1:8080/
Debugger PIN: 498-993-145
Running on http://127.0.0.1:8080/
Debugger PIN: 820-827-663
Running on http://127.0.0.1:8080/
Debugger PIN: 430-102-648
INFO: The user Haag, Gary updated the employee record for Gary Haag with the following information
INFO: The user Haag, Gary updated the employee record for Gary Haag with the following information
INFO: The user Haag, Gary updated the employee record for Gary Haag with the following information
INFO: The user Haag, Gary updated the employee record for Gary Haag with the following information, date_end: None >> 2020-02-01
INFO: The user Haag, Gary updated the employee record for Gary Haag with the following information, date_end: 2020-02-01 >> None
Running on http://127.0.0.1:8080/
Debugger PIN: 015-535-833
Running on http://127.0.0.1:8080/
Debugger PIN: 245-052-383
Running on http://127.0.0.1:8080/
Debugger PIN: 791-586-877
Running on http://127.0.0.1:8080/
Debugger PIN: 383-208-204
Running on http://127.0.0.1:8080/
Debugger PIN: 447-997-080
Running on http://127.0.0.1:8080/
Debugger PIN: 078-255-921
Running on http://127.0.0.1:8080/
Debugger PIN: 326-450-752
Running on http://127.0.0.1:8080/
Debugger PIN: 667-457-487
Running on http://127.0.0.1:8080/
Debugger PIN: 623-692-113
Running on http://127.0.0.1:8080/
Debugger PIN: 330-925-990
Running on http://127.0.0.1:8080/
Debugger PIN: 229-907-225
Running on http://127.0.0.1:8080/
Debugger PIN: 253-170-328
Running on http://127.0.0.1:8080/
Debugger PIN: 061-539-463
Running on http://127.0.0.1:8080/
Debugger PIN: 181-533-404
Error on request:
Traceback (most recent call last):
  File "C:\Users\ghaag\Programming\Python Projects\Resource Tracker\Resources_App\venv\lib\site-packages\werkzeug\serving.py", line 295, in execute
    write(data)
  File "C:\Users\ghaag\Programming\Python Projects\Resource Tracker\Resources_App\venv\lib\site-packages\werkzeug\serving.py", line 273, in write
    self.end_headers()
  File "c:\users\ghaag\appdata\local\continuum\anaconda3\Lib\http\server.py", line 528, in end_headers
    self.flush_headers()
  File "c:\users\ghaag\appdata\local\continuum\anaconda3\Lib\http\server.py", line 532, in flush_headers
    self.wfile.write(b"".join(self._headers_buffer))
  File "c:\users\ghaag\appdata\local\continuum\anaconda3\Lib\socketserver.py", line 799, in write
    self._sock.sendall(b)
ConnectionAbortedError: [WinError 10053] An established connection was aborted by the software in your host machine

During handling of the above exception, another exception occurred:

Traceback (most recent call last):
  File "C:\Users\ghaag\Programming\Python Projects\Resource Tracker\Resources_App\venv\lib\site-packages\werkzeug\debug\__init__.py", line 332, in debug_application
    yield item
SystemError: error return without exception set

During handling of the above exception, another exception occurred:

Traceback (most recent call last):
  File "C:\Users\ghaag\Programming\Python Projects\Resource Tracker\Resources_App\venv\lib\site-packages\werkzeug\serving.py", line 304, in run_wsgi
    execute(self.server.app)
  File "C:\Users\ghaag\Programming\Python Projects\Resource Tracker\Resources_App\venv\lib\site-packages\werkzeug\serving.py", line 300, in execute
    application_iter.close()
  File "C:\Users\ghaag\Programming\Python Projects\Resource Tracker\Resources_App\venv\lib\site-packages\werkzeug\debug\__init__.py", line 337, in debug_application
    app_iter.close()
  File "C:\Users\ghaag\Programming\Python Projects\Resource Tracker\Resources_App\venv\lib\site-packages\werkzeug\wsgi.py", line 510, in close
    callback()
  File "C:\Users\ghaag\Programming\Python Projects\Resource Tracker\Resources_App\venv\lib\site-packages\werkzeug\wrappers\base_response.py", line 49, in _iter_encoded
    yield item
SystemError: error return without exception set
Running on http://127.0.0.1:8080/
Debugger PIN: 771-787-430
Running on http://127.0.0.1:8080/
Debugger PIN: 614-131-733
Running on http://127.0.0.1:8080/
Debugger PIN: 427-127-834
Running on http://127.0.0.1:8080/
Debugger PIN: 795-467-256
Running on http://127.0.0.1:8080/
Debugger PIN: 706-715-225
Running on http://127.0.0.1:8080/
Debugger PIN: 764-059-374
Running on http://127.0.0.1:8080/
Debugger PIN: 556-635-313
Running on http://127.0.0.1:8080/
Debugger PIN: 371-881-596
Running on http://127.0.0.1:8080/
Debugger PIN: 748-130-540
Running on http://127.0.0.1:8080/
Debugger PIN: 874-960-601
Running on http://127.0.0.1:8080/
Debugger PIN: 287-187-474
Running on http://127.0.0.1:8080/
Debugger PIN: 122-585-106
Running on http://127.0.0.1:8080/
Debugger PIN: 073-312-840
Running on http://127.0.0.1:8080/
Debugger PIN: 336-507-266
Running on http://127.0.0.1:8080/
Debugger PIN: 852-587-064
Running on http://127.0.0.1:8080/
Debugger PIN: 575-181-479
Running on http://127.0.0.1:8080/
Debugger PIN: 345-258-622
Running on http://127.0.0.1:8080/
Debugger PIN: 003-533-179
Running on http://127.0.0.1:8080/
Debugger PIN: 005-762-377
Running on http://127.0.0.1:8080/
Debugger PIN: 467-762-841
Running on http://127.0.0.1:8080/
Debugger PIN: 052-923-135
Running on http://127.0.0.1:8080/
Debugger PIN: 449-585-657
Running on http://127.0.0.1:8080/
Debugger PIN: 456-867-091
Running on http://127.0.0.1:8080/
Debugger PIN: 427-989-158
Running on http://127.0.0.1:8080/
Debugger PIN: 761-704-806
Running on http://127.0.0.1:8080/
Debugger PIN: 322-939-788
Running on http://127.0.0.1:8080/
Debugger PIN: 847-148-122
Running on http://127.0.0.1:8080/
Debugger PIN: 568-375-077
Running on http://127.0.0.1:8080/
Debugger PIN: 115-738-053
Running on http://127.0.0.1:8080/
Debugger PIN: 072-123-150
Running on http://127.0.0.1:8080/
Debugger PIN: 304-473-694
Running on http://127.0.0.1:8080/
Debugger PIN: 079-850-541
Running on http://127.0.0.1:8080/
Debugger PIN: 880-509-075
Running on http://127.0.0.1:8080/
Debugger PIN: 551-471-078
Running on http://127.0.0.1:8080/
Debugger PIN: 720-805-419
Running on http://127.0.0.1:8080/
Debugger PIN: 935-804-206
Running on http://127.0.0.1:8080/
Debugger PIN: 230-329-187
Running on http://127.0.0.1:8080/
Debugger PIN: 191-427-545
Running on http://127.0.0.1:8080/
Debugger PIN: 983-771-709
Running on http://127.0.0.1:8080/
Debugger PIN: 619-387-515
Running on http://127.0.0.1:8080/
Debugger PIN: 375-106-395
Running on http://127.0.0.1:8080/
Debugger PIN: 121-501-467
Running on http://127.0.0.1:8080/
Debugger PIN: 562-869-983
Running on http://127.0.0.1:8080/
Debugger PIN: 232-285-297
Running on http://127.0.0.1:8080/
Debugger PIN: 251-107-573
Running on http://127.0.0.1:8080/
Debugger PIN: 096-838-804
Running on http://127.0.0.1:8080/
Debugger PIN: 447-956-954
Running on http://127.0.0.1:8080/
Debugger PIN: 018-808-722
Running on http://127.0.0.1:8080/
Debugger PIN: 125-649-178
Running on http://127.0.0.1:8080/
Debugger PIN: 580-503-987
Running on http://127.0.0.1:8080/
Debugger PIN: 825-080-432
Running on http://127.0.0.1:8080/
Debugger PIN: 634-194-704
Error on request:
Traceback (most recent call last):
  File "C:\Users\ghaag\Programming\Python Projects\Resource Tracker\Resources_App\venv\lib\site-packages\werkzeug\serving.py", line 295, in execute
    write(data)
  File "C:\Users\ghaag\Programming\Python Projects\Resource Tracker\Resources_App\venv\lib\site-packages\werkzeug\serving.py", line 273, in write
    self.end_headers()
  File "c:\users\ghaag\appdata\local\continuum\anaconda3\Lib\http\server.py", line 528, in end_headers
    self.flush_headers()
  File "c:\users\ghaag\appdata\local\continuum\anaconda3\Lib\http\server.py", line 532, in flush_headers
    self.wfile.write(b"".join(self._headers_buffer))
  File "c:\users\ghaag\appdata\local\continuum\anaconda3\Lib\socketserver.py", line 799, in write
    self._sock.sendall(b)
ConnectionAbortedError: [WinError 10053] An established connection was aborted by the software in your host machine

During handling of the above exception, another exception occurred:

Traceback (most recent call last):
  File "C:\Users\ghaag\Programming\Python Projects\Resource Tracker\Resources_App\venv\lib\site-packages\werkzeug\debug\__init__.py", line 332, in debug_application
    yield item
SystemError: error return without exception set

During handling of the above exception, another exception occurred:

Traceback (most recent call last):
  File "C:\Users\ghaag\Programming\Python Projects\Resource Tracker\Resources_App\venv\lib\site-packages\werkzeug\serving.py", line 304, in run_wsgi
    execute(self.server.app)
  File "C:\Users\ghaag\Programming\Python Projects\Resource Tracker\Resources_App\venv\lib\site-packages\werkzeug\serving.py", line 300, in execute
    application_iter.close()
  File "C:\Users\ghaag\Programming\Python Projects\Resource Tracker\Resources_App\venv\lib\site-packages\werkzeug\debug\__init__.py", line 337, in debug_application
    app_iter.close()
  File "C:\Users\ghaag\Programming\Python Projects\Resource Tracker\Resources_App\venv\lib\site-packages\werkzeug\wsgi.py", line 510, in close
    callback()
  File "C:\Users\ghaag\Programming\Python Projects\Resource Tracker\Resources_App\venv\lib\site-packages\werkzeug\wrappers\base_response.py", line 49, in _iter_encoded
    yield item
SystemError: error return without exception set
Running on http://127.0.0.1:8080/
Debugger PIN: 520-594-317
Running on http://127.0.0.1:8080/
Debugger PIN: 571-544-788
Running on http://127.0.0.1:8080/
Debugger PIN: 382-404-376
Running on http://127.0.0.1:8080/
Debugger PIN: 446-475-062
Running on http://127.0.0.1:8080/
Debugger PIN: 195-169-031
Running on http://127.0.0.1:8080/
Debugger PIN: 437-932-828
Running on http://127.0.0.1:8080/
Debugger PIN: 114-638-659
Running on http://127.0.0.1:8080/
Debugger PIN: 479-306-491
Running on http://127.0.0.1:8080/
Debugger PIN: 383-079-619
Running on http://127.0.0.1:8080/
Debugger PIN: 245-394-854
Running on http://127.0.0.1:8080/
Debugger PIN: 880-229-243
Running on http://127.0.0.1:8080/
Debugger PIN: 307-617-734
Error on request:
Traceback (most recent call last):
  File "C:\Users\ghaag\Programming\Python Projects\Resource Tracker\Resources_App\venv\lib\site-packages\werkzeug\serving.py", line 295, in execute
    write(data)
  File "C:\Users\ghaag\Programming\Python Projects\Resource Tracker\Resources_App\venv\lib\site-packages\werkzeug\serving.py", line 276, in write
    self.wfile.write(data)
  File "c:\users\ghaag\appdata\local\continuum\anaconda3\Lib\socketserver.py", line 799, in write
    self._sock.sendall(b)
ConnectionAbortedError: [WinError 10053] An established connection was aborted by the software in your host machine

During handling of the above exception, another exception occurred:

Traceback (most recent call last):
  File "C:\Users\ghaag\Programming\Python Projects\Resource Tracker\Resources_App\venv\lib\site-packages\werkzeug\serving.py", line 304, in run_wsgi
    execute(self.server.app)
  File "C:\Users\ghaag\Programming\Python Projects\Resource Tracker\Resources_App\venv\lib\site-packages\werkzeug\serving.py", line 300, in execute
    application_iter.close()
  File "C:\Users\ghaag\Programming\Python Projects\Resource Tracker\Resources_App\venv\lib\site-packages\werkzeug\wsgi.py", line 510, in close
    callback()
  File "C:\Users\ghaag\Programming\Python Projects\Resource Tracker\Resources_App\venv\lib\site-packages\werkzeug\wrappers\base_response.py", line 49, in _iter_encoded
    yield item
SystemError: error return without exception set
Error on request:
Traceback (most recent call last):
  File "C:\Users\ghaag\Programming\Python Projects\Resource Tracker\Resources_App\venv\lib\site-packages\werkzeug\serving.py", line 295, in execute
    write(data)
  File "C:\Users\ghaag\Programming\Python Projects\Resource Tracker\Resources_App\venv\lib\site-packages\werkzeug\serving.py", line 273, in write
    self.end_headers()
  File "c:\users\ghaag\appdata\local\continuum\anaconda3\Lib\http\server.py", line 528, in end_headers
    self.flush_headers()
  File "c:\users\ghaag\appdata\local\continuum\anaconda3\Lib\http\server.py", line 532, in flush_headers
    self.wfile.write(b"".join(self._headers_buffer))
  File "c:\users\ghaag\appdata\local\continuum\anaconda3\Lib\socketserver.py", line 799, in write
    self._sock.sendall(b)
ConnectionAbortedError: [WinError 10053] An established connection was aborted by the software in your host machine

During handling of the above exception, another exception occurred:

Traceback (most recent call last):
  File "C:\Users\ghaag\Programming\Python Projects\Resource Tracker\Resources_App\venv\lib\site-packages\werkzeug\serving.py", line 304, in run_wsgi
    execute(self.server.app)
  File "C:\Users\ghaag\Programming\Python Projects\Resource Tracker\Resources_App\venv\lib\site-packages\werkzeug\serving.py", line 300, in execute
    application_iter.close()
  File "C:\Users\ghaag\Programming\Python Projects\Resource Tracker\Resources_App\venv\lib\site-packages\werkzeug\wsgi.py", line 510, in close
    callback()
  File "C:\Users\ghaag\Programming\Python Projects\Resource Tracker\Resources_App\venv\lib\site-packages\werkzeug\wrappers\base_response.py", line 49, in _iter_encoded
    yield item
SystemError: error return without exception set
Error on request:
Traceback (most recent call last):
  File "C:\Users\ghaag\Programming\Python Projects\Resource Tracker\Resources_App\venv\lib\site-packages\werkzeug\serving.py", line 295, in execute
    write(data)
  File "C:\Users\ghaag\Programming\Python Projects\Resource Tracker\Resources_App\venv\lib\site-packages\werkzeug\serving.py", line 273, in write
    self.end_headers()
  File "c:\users\ghaag\appdata\local\continuum\anaconda3\Lib\http\server.py", line 528, in end_headers
    self.flush_headers()
  File "c:\users\ghaag\appdata\local\continuum\anaconda3\Lib\http\server.py", line 532, in flush_headers
    self.wfile.write(b"".join(self._headers_buffer))
  File "c:\users\ghaag\appdata\local\continuum\anaconda3\Lib\socketserver.py", line 799, in write
    self._sock.sendall(b)
ConnectionAbortedError: [WinError 10053] An established connection was aborted by the software in your host machine

During handling of the above exception, another exception occurred:

Traceback (most recent call last):
  File "C:\Users\ghaag\Programming\Python Projects\Resource Tracker\Resources_App\venv\lib\site-packages\werkzeug\serving.py", line 304, in run_wsgi
    execute(self.server.app)
  File "C:\Users\ghaag\Programming\Python Projects\Resource Tracker\Resources_App\venv\lib\site-packages\werkzeug\serving.py", line 300, in execute
    application_iter.close()
  File "C:\Users\ghaag\Programming\Python Projects\Resource Tracker\Resources_App\venv\lib\site-packages\werkzeug\wsgi.py", line 510, in close
    callback()
  File "C:\Users\ghaag\Programming\Python Projects\Resource Tracker\Resources_App\venv\lib\site-packages\werkzeug\wrappers\base_response.py", line 49, in _iter_encoded
    yield item
SystemError: error return without exception set
Error on request:
Traceback (most recent call last):
  File "C:\Users\ghaag\Programming\Python Projects\Resource Tracker\Resources_App\venv\lib\site-packages\werkzeug\serving.py", line 295, in execute
    write(data)
  File "C:\Users\ghaag\Programming\Python Projects\Resource Tracker\Resources_App\venv\lib\site-packages\werkzeug\serving.py", line 273, in write
    self.end_headers()
  File "c:\users\ghaag\appdata\local\continuum\anaconda3\Lib\http\server.py", line 528, in end_headers
    self.flush_headers()
  File "c:\users\ghaag\appdata\local\continuum\anaconda3\Lib\http\server.py", line 532, in flush_headers
    self.wfile.write(b"".join(self._headers_buffer))
  File "c:\users\ghaag\appdata\local\continuum\anaconda3\Lib\socketserver.py", line 799, in write
    self._sock.sendall(b)
ConnectionAbortedError: [WinError 10053] An established connection was aborted by the software in your host machine

During handling of the above exception, another exception occurred:

Traceback (most recent call last):
  File "C:\Users\ghaag\Programming\Python Projects\Resource Tracker\Resources_App\venv\lib\site-packages\werkzeug\debug\__init__.py", line 332, in debug_application
    yield item
SystemError: error return without exception set

During handling of the above exception, another exception occurred:

Traceback (most recent call last):
  File "C:\Users\ghaag\Programming\Python Projects\Resource Tracker\Resources_App\venv\lib\site-packages\werkzeug\serving.py", line 304, in run_wsgi
    execute(self.server.app)
  File "C:\Users\ghaag\Programming\Python Projects\Resource Tracker\Resources_App\venv\lib\site-packages\werkzeug\serving.py", line 300, in execute
    application_iter.close()
  File "C:\Users\ghaag\Programming\Python Projects\Resource Tracker\Resources_App\venv\lib\site-packages\werkzeug\debug\__init__.py", line 337, in debug_application
    app_iter.close()
  File "C:\Users\ghaag\Programming\Python Projects\Resource Tracker\Resources_App\venv\lib\site-packages\werkzeug\wsgi.py", line 510, in close
    callback()
  File "C:\Users\ghaag\Programming\Python Projects\Resource Tracker\Resources_App\venv\lib\site-packages\werkzeug\wrappers\base_response.py", line 49, in _iter_encoded
    yield item
SystemError: error return without exception set
Running on http://127.0.0.1:8080/
Debugger PIN: 003-517-333
Running on http://127.0.0.1:8080/
Debugger PIN: 044-739-065
Running on http://127.0.0.1:8080/
Debugger PIN: 523-896-018
Running on http://127.0.0.1:8080/
Debugger PIN: 532-513-746
Running on http://127.0.0.1:8080/
Debugger PIN: 149-189-907
Running on http://127.0.0.1:8080/
Debugger PIN: 067-721-022
Running on http://127.0.0.1:8080/
Debugger PIN: 273-015-221
Running on http://127.0.0.1:8080/
Debugger PIN: 133-950-995
Running on http://127.0.0.1:8080/
Debugger PIN: 145-645-266
Running on http://127.0.0.1:8080/
Debugger PIN: 914-081-171
Running on http://127.0.0.1:8080/
Debugger PIN: 033-955-418
Running on http://127.0.0.1:8080/
Debugger PIN: 044-395-248
Running on http://127.0.0.1:8080/
Debugger PIN: 987-295-284
Running on http://127.0.0.1:8080/
Debugger PIN: 124-660-689
Running on http://127.0.0.1:8080/
Debugger PIN: 439-013-382
Running on http://127.0.0.1:8080/
Debugger PIN: 668-370-666
Running on http://127.0.0.1:8080/
Debugger PIN: 171-886-553
Running on http://127.0.0.1:8080/
Debugger PIN: 377-570-871
Running on http://127.0.0.1:8080/
Debugger PIN: 869-591-466
Running on http://127.0.0.1:8080/
Debugger PIN: 862-855-114
Running on http://127.0.0.1:8080/
Debugger PIN: 786-217-737
Running on http://127.0.0.1:8080/
Debugger PIN: 200-047-892
Running on http://127.0.0.1:8080/
Debugger PIN: 947-835-763
Running on http://127.0.0.1:8080/
Debugger PIN: 604-981-557
Running on http://127.0.0.1:8080/
Debugger PIN: 170-880-680
Running on http://127.0.0.1:8080/
Debugger PIN: 663-201-526
Running on http://127.0.0.1:8080/
Debugger PIN: 220-704-225
Running on http://127.0.0.1:8080/
Debugger PIN: 182-966-098
Running on http://127.0.0.1:8080/
Debugger PIN: 408-481-368
Running on http://127.0.0.1:8080/
Debugger PIN: 296-984-526
